
Bulk properties: 
---------------- 
Object             : Gliese581d
Stellar mass       = 0.310        [Solar masses]
Planetary mass     = 7.100        [Earth masses]  
Planetary radius   = 1.700        [Earth radius]  
Triaxiality        = 5.000e-05    [Dimensionless]   
Unrelaxed rigidity = 8.000e+10    [Pascals]       
Relaxation time    = 50.000       [years]          
Andrade exponent   = 2.000        [Dimensionless]


Dynamical properties:
---------------------
Eccentricity       = 0.270        [Dimensionless]
Semimajor axis     = 0.218        [AU]            
Orbital period     = 66.772       [Days]          


Initial conditions and integration parameters:
----------------------------------------------
Initial sidereal angle    = 90.000      [Degrees] 
Initial rotational period = 26.602     [Days]     
t_ini                     = 0.000      [years]   
t_end                     = 49998.631      [years]   
Number of output data     = 5000                
